{"/Users/lucasmenezes/projects/worker_fiapX_11soat/src/routes.ts": {"path":"/Users/lucasmenezes/projects/worker_fiapX_11soat/src/routes.ts","statementMap":{"0":{"start":{"line":6,"column":13},"end":{"line":6,"column":null}},"1":{"start":{"line":8,"column":19},"end":{"line":8,"column":null}},"2":{"start":{"line":10,"column":0},"end":{"line":12,"column":null}},"3":{"start":{"line":11,"column":2},"end":{"line":11,"column":null}}},"fnMap":{"0":{"name":"(anonymous_0)","decl":{"start":{"line":10,"column":64},"end":{"line":10,"column":65}},"loc":{"start":{"line":11,"column":2},"end":{"line":11,"column":null}},"line":11}},"branchMap":{},"s":{"0":0,"1":0,"2":0,"3":0},"f":{"0":0},"b":{},"meta":{"lastBranch":0,"lastFunction":1,"lastStatement":4,"seen":{"s:6:13:6:Infinity":0,"s:8:19:8:Infinity":1,"s:10:0:12:Infinity":2,"f:10:64:10:65":0,"s:11:2:11:Infinity":3}}}
,"/Users/lucasmenezes/projects/worker_fiapX_11soat/src/features/ffmpeg/ffmpeg.service.interface.ts": {"path":"/Users/lucasmenezes/projects/worker_fiapX_11soat/src/features/ffmpeg/ffmpeg.service.interface.ts","statementMap":{},"fnMap":{},"branchMap":{},"s":{},"f":{},"b":{},"meta":{"lastBranch":0,"lastFunction":0,"lastStatement":0,"seen":{}}}
,"/Users/lucasmenezes/projects/worker_fiapX_11soat/src/features/ffmpeg/ffmpeg.service.ts": {"path":"/Users/lucasmenezes/projects/worker_fiapX_11soat/src/features/ffmpeg/ffmpeg.service.ts","statementMap":{"0":{"start":{"line":5,"column":0},"end":{"line":5,"column":null}},"1":{"start":{"line":10,"column":7},"end":{"line":124,"column":null}},"2":{"start":{"line":12,"column":57},"end":{"line":12,"column":null}},"3":{"start":{"line":16,"column":28},"end":{"line":16,"column":null}},"4":{"start":{"line":17,"column":16},"end":{"line":17,"column":null}},"5":{"start":{"line":19,"column":4},"end":{"line":19,"column":null}},"6":{"start":{"line":20,"column":4},"end":{"line":20,"column":null}},"7":{"start":{"line":21,"column":4},"end":{"line":21,"column":null}},"8":{"start":{"line":22,"column":4},"end":{"line":22,"column":null}},"9":{"start":{"line":23,"column":4},"end":{"line":23,"column":null}},"10":{"start":{"line":25,"column":26},"end":{"line":25,"column":null}},"11":{"start":{"line":27,"column":23},"end":{"line":37,"column":null}},"12":{"start":{"line":39,"column":4},"end":{"line":39,"column":null}},"13":{"start":{"line":40,"column":4},"end":{"line":40,"column":null}},"14":{"start":{"line":42,"column":22},"end":{"line":42,"column":null}},"15":{"start":{"line":43,"column":4},"end":{"line":43,"column":null}},"16":{"start":{"line":44,"column":4},"end":{"line":44,"column":null}},"17":{"start":{"line":46,"column":4},"end":{"line":46,"column":null}},"18":{"start":{"line":47,"column":19},"end":{"line":47,"column":null}},"19":{"start":{"line":48,"column":4},"end":{"line":48,"column":null}},"20":{"start":{"line":50,"column":4},"end":{"line":53,"column":null}},"21":{"start":{"line":57,"column":4},"end":{"line":109,"column":null}},"22":{"start":{"line":58,"column":6},"end":{"line":61,"column":null}},"23":{"start":{"line":59,"column":8},"end":{"line":59,"column":null}},"24":{"start":{"line":60,"column":8},"end":{"line":60,"column":null}},"25":{"start":{"line":63,"column":6},"end":{"line":63,"column":null}},"26":{"start":{"line":64,"column":6},"end":{"line":64,"column":null}},"27":{"start":{"line":66,"column":12},"end":{"line":66,"column":null}},"28":{"start":{"line":68,"column":6},"end":{"line":68,"column":null}},"29":{"start":{"line":70,"column":19},"end":{"line":70,"column":null}},"30":{"start":{"line":71,"column":28},"end":{"line":71,"column":null}},"31":{"start":{"line":74,"column":31},"end":{"line":78,"column":null}},"32":{"start":{"line":75,"column":24},"end":{"line":75,"column":null}},"33":{"start":{"line":76,"column":8},"end":{"line":76,"column":null}},"34":{"start":{"line":77,"column":8},"end":{"line":77,"column":null}},"35":{"start":{"line":80,"column":6},"end":{"line":84,"column":null}},"36":{"start":{"line":81,"column":22},"end":{"line":81,"column":null}},"37":{"start":{"line":82,"column":8},"end":{"line":82,"column":null}},"38":{"start":{"line":83,"column":8},"end":{"line":83,"column":null}},"39":{"start":{"line":86,"column":6},"end":{"line":88,"column":null}},"40":{"start":{"line":87,"column":8},"end":{"line":87,"column":null}},"41":{"start":{"line":90,"column":6},"end":{"line":94,"column":null}},"42":{"start":{"line":91,"column":8},"end":{"line":91,"column":null}},"43":{"start":{"line":92,"column":8},"end":{"line":92,"column":null}},"44":{"start":{"line":93,"column":8},"end":{"line":93,"column":null}},"45":{"start":{"line":96,"column":6},"end":{"line":108,"column":null}},"46":{"start":{"line":97,"column":8},"end":{"line":97,"column":null}},"47":{"start":{"line":98,"column":8},"end":{"line":98,"column":null}},"48":{"start":{"line":100,"column":8},"end":{"line":103,"column":null}},"49":{"start":{"line":101,"column":10},"end":{"line":101,"column":null}},"50":{"start":{"line":102,"column":10},"end":{"line":102,"column":null}},"51":{"start":{"line":105,"column":8},"end":{"line":105,"column":null}},"52":{"start":{"line":106,"column":8},"end":{"line":106,"column":null}},"53":{"start":{"line":107,"column":8},"end":{"line":107,"column":null}},"54":{"start":{"line":113,"column":4},"end":{"line":113,"column":null}},"55":{"start":{"line":114,"column":21},"end":{"line":114,"column":null}},"56":{"start":{"line":115,"column":4},"end":{"line":115,"column":null}},"57":{"start":{"line":117,"column":19},"end":{"line":119,"column":null}},"58":{"start":{"line":118,"column":24},"end":{"line":118,"column":77}},"59":{"start":{"line":121,"column":4},"end":{"line":121,"column":null}},"60":{"start":{"line":122,"column":4},"end":{"line":122,"column":null}},"61":{"start":{"line":10,"column":13},"end":{"line":10,"column":53}}},"fnMap":{"0":{"name":"(anonymous_0)","decl":{"start":{"line":11,"column":8},"end":{"line":11,"column":22}},"loc":{"start":{"line":11,"column":83},"end":{"line":54,"column":null}},"line":11},"1":{"name":"(anonymous_1)","decl":{"start":{"line":56,"column":10},"end":{"line":56,"column":20}},"loc":{"start":{"line":56,"column":51},"end":{"line":110,"column":null}},"line":56},"2":{"name":"(anonymous_2)","decl":{"start":{"line":57,"column":23},"end":{"line":57,"column":24}},"loc":{"start":{"line":57,"column":44},"end":{"line":109,"column":5}},"line":57},"3":{"name":"(anonymous_3)","decl":{"start":{"line":74,"column":43},"end":{"line":74,"column":49}},"loc":{"start":{"line":74,"column":49},"end":{"line":78,"column":9}},"line":74},"4":{"name":"(anonymous_4)","decl":{"start":{"line":80,"column":39},"end":{"line":80,"column":40}},"loc":{"start":{"line":80,"column":49},"end":{"line":84,"column":7}},"line":80},"5":{"name":"(anonymous_5)","decl":{"start":{"line":86,"column":39},"end":{"line":86,"column":40}},"loc":{"start":{"line":86,"column":49},"end":{"line":88,"column":7}},"line":86},"6":{"name":"(anonymous_6)","decl":{"start":{"line":90,"column":32},"end":{"line":90,"column":33}},"loc":{"start":{"line":90,"column":43},"end":{"line":94,"column":7}},"line":90},"7":{"name":"(anonymous_7)","decl":{"start":{"line":96,"column":32},"end":{"line":96,"column":33}},"loc":{"start":{"line":96,"column":42},"end":{"line":108,"column":7}},"line":96},"8":{"name":"(anonymous_8)","decl":{"start":{"line":112,"column":10},"end":{"line":112,"column":21}},"loc":{"start":{"line":112,"column":64},"end":{"line":123,"column":null}},"line":112},"9":{"name":"(anonymous_9)","decl":{"start":{"line":118,"column":14},"end":{"line":118,"column":15}},"loc":{"start":{"line":118,"column":24},"end":{"line":118,"column":77}},"line":118}},"branchMap":{"0":{"loc":{"start":{"line":58,"column":6},"end":{"line":61,"column":null}},"type":"if","locations":[{"start":{"line":58,"column":6},"end":{"line":61,"column":null}},{"start":{},"end":{}}],"line":58},"1":{"loc":{"start":{"line":100,"column":8},"end":{"line":103,"column":null}},"type":"if","locations":[{"start":{"line":100,"column":8},"end":{"line":103,"column":null}},{"start":{},"end":{}}],"line":100},"2":{"loc":{"start":{"line":118,"column":24},"end":{"line":118,"column":77}},"type":"binary-expr","locations":[{"start":{"line":118,"column":24},"end":{"line":118,"column":50}},{"start":{"line":118,"column":50},"end":{"line":118,"column":77}}],"line":118}},"s":{"0":1,"1":1,"2":9,"3":9,"4":9,"5":9,"6":9,"7":9,"8":9,"9":9,"10":9,"11":9,"12":9,"13":9,"14":9,"15":9,"16":7,"17":7,"18":7,"19":7,"20":7,"21":9,"22":9,"23":0,"24":0,"25":9,"26":9,"27":9,"28":9,"29":9,"30":9,"31":9,"32":0,"33":0,"34":0,"35":9,"36":2,"37":2,"38":2,"39":9,"40":0,"41":9,"42":1,"43":1,"44":1,"45":9,"46":8,"47":8,"48":8,"49":7,"50":7,"51":1,"52":1,"53":1,"54":7,"55":7,"56":7,"57":7,"58":10,"59":7,"60":7,"61":1},"f":{"0":9,"1":9,"2":9,"3":0,"4":2,"5":0,"6":1,"7":8,"8":7,"9":10},"b":{"0":[0,9],"1":[7,1],"2":[10,9]},"meta":{"lastBranch":3,"lastFunction":10,"lastStatement":62,"seen":{"s:5:0:5:Infinity":0,"s:10:7:124:Infinity":1,"f:11:8:11:22":0,"s:12:57:12:Infinity":2,"s:16:28:16:Infinity":3,"s:17:16:17:Infinity":4,"s:19:4:19:Infinity":5,"s:20:4:20:Infinity":6,"s:21:4:21:Infinity":7,"s:22:4:22:Infinity":8,"s:23:4:23:Infinity":9,"s:25:26:25:Infinity":10,"s:27:23:37:Infinity":11,"s:39:4:39:Infinity":12,"s:40:4:40:Infinity":13,"s:42:22:42:Infinity":14,"s:43:4:43:Infinity":15,"s:44:4:44:Infinity":16,"s:46:4:46:Infinity":17,"s:47:19:47:Infinity":18,"s:48:4:48:Infinity":19,"s:50:4:53:Infinity":20,"f:56:10:56:20":1,"s:57:4:109:Infinity":21,"f:57:23:57:24":2,"b:58:6:61:Infinity:undefined:undefined:undefined:undefined":0,"s:58:6:61:Infinity":22,"s:59:8:59:Infinity":23,"s:60:8:60:Infinity":24,"s:63:6:63:Infinity":25,"s:64:6:64:Infinity":26,"s:66:12:66:Infinity":27,"s:68:6:68:Infinity":28,"s:70:19:70:Infinity":29,"s:71:28:71:Infinity":30,"s:74:31:78:Infinity":31,"f:74:43:74:49":3,"s:75:24:75:Infinity":32,"s:76:8:76:Infinity":33,"s:77:8:77:Infinity":34,"s:80:6:84:Infinity":35,"f:80:39:80:40":4,"s:81:22:81:Infinity":36,"s:82:8:82:Infinity":37,"s:83:8:83:Infinity":38,"s:86:6:88:Infinity":39,"f:86:39:86:40":5,"s:87:8:87:Infinity":40,"s:90:6:94:Infinity":41,"f:90:32:90:33":6,"s:91:8:91:Infinity":42,"s:92:8:92:Infinity":43,"s:93:8:93:Infinity":44,"s:96:6:108:Infinity":45,"f:96:32:96:33":7,"s:97:8:97:Infinity":46,"s:98:8:98:Infinity":47,"b:100:8:103:Infinity:undefined:undefined:undefined:undefined":1,"s:100:8:103:Infinity":48,"s:101:10:101:Infinity":49,"s:102:10:102:Infinity":50,"s:105:8:105:Infinity":51,"s:106:8:106:Infinity":52,"s:107:8:107:Infinity":53,"f:112:10:112:21":8,"s:113:4:113:Infinity":54,"s:114:21:114:Infinity":55,"s:115:4:115:Infinity":56,"s:117:19:119:Infinity":57,"f:118:14:118:15":9,"s:118:24:118:77":58,"b:118:24:118:50:118:50:118:77":2,"s:121:4:121:Infinity":59,"s:122:4:122:Infinity":60,"s:10:13:10:53":61}}}
,"/Users/lucasmenezes/projects/worker_fiapX_11soat/src/features/ffmpeg/ffmpeg.types.ts": {"path":"/Users/lucasmenezes/projects/worker_fiapX_11soat/src/features/ffmpeg/ffmpeg.types.ts","statementMap":{},"fnMap":{},"branchMap":{},"s":{},"f":{},"b":{},"meta":{"lastBranch":0,"lastFunction":0,"lastStatement":0,"seen":{}}}
,"/Users/lucasmenezes/projects/worker_fiapX_11soat/src/features/ffmpeg/index.ts": {"path":"/Users/lucasmenezes/projects/worker_fiapX_11soat/src/features/ffmpeg/index.ts","statementMap":{},"fnMap":{},"branchMap":{},"s":{},"f":{},"b":{},"meta":{"lastBranch":0,"lastFunction":0,"lastStatement":0,"seen":{}}}
,"/Users/lucasmenezes/projects/worker_fiapX_11soat/src/features/process-video/process-video.controller.ts": {"path":"/Users/lucasmenezes/projects/worker_fiapX_11soat/src/features/process-video/process-video.controller.ts","statementMap":{"0":{"start":{"line":2,"column":0},"end":{"line":2,"column":null}},"1":{"start":{"line":10,"column":24},"end":{"line":10,"column":null}},"2":{"start":{"line":11,"column":24},"end":{"line":11,"column":null}},"3":{"start":{"line":12,"column":28},"end":{"line":12,"column":null}},"4":{"start":{"line":15,"column":7},"end":{"line":65,"column":null}},"5":{"start":{"line":18,"column":21},"end":{"line":18,"column":null}},"6":{"start":{"line":22,"column":22},"end":{"line":22,"column":null}},"7":{"start":{"line":23,"column":4},"end":{"line":23,"column":null}},"8":{"start":{"line":24,"column":4},"end":{"line":24,"column":null}},"9":{"start":{"line":26,"column":4},"end":{"line":63,"column":null}},"10":{"start":{"line":27,"column":6},"end":{"line":31,"column":null}},"11":{"start":{"line":28,"column":8},"end":{"line":28,"column":null}},"12":{"start":{"line":29,"column":8},"end":{"line":29,"column":null}},"13":{"start":{"line":30,"column":8},"end":{"line":30,"column":null}},"14":{"start":{"line":33,"column":25},"end":{"line":33,"column":null}},"15":{"start":{"line":34,"column":21},"end":{"line":34,"column":null}},"16":{"start":{"line":36,"column":6},"end":{"line":42,"column":null}},"17":{"start":{"line":37,"column":8},"end":{"line":37,"column":null}},"18":{"start":{"line":38,"column":8},"end":{"line":40,"column":null}},"19":{"start":{"line":41,"column":8},"end":{"line":41,"column":null}},"20":{"start":{"line":44,"column":6},"end":{"line":44,"column":null}},"21":{"start":{"line":45,"column":6},"end":{"line":45,"column":null}},"22":{"start":{"line":47,"column":24},"end":{"line":47,"column":null}},"23":{"start":{"line":48,"column":21},"end":{"line":52,"column":null}},"24":{"start":{"line":54,"column":6},"end":{"line":54,"column":null}},"25":{"start":{"line":55,"column":6},"end":{"line":55,"column":null}},"26":{"start":{"line":57,"column":6},"end":{"line":57,"column":null}},"27":{"start":{"line":59,"column":22},"end":{"line":59,"column":null}},"28":{"start":{"line":60,"column":6},"end":{"line":60,"column":null}},"29":{"start":{"line":61,"column":6},"end":{"line":61,"column":null}},"30":{"start":{"line":62,"column":6},"end":{"line":62,"column":null}},"31":{"start":{"line":15,"column":13},"end":{"line":15,"column":36}}},"fnMap":{"0":{"name":"(anonymous_0)","decl":{"start":{"line":16,"column":2},"end":{"line":16,"column":null}},"loc":{"start":{"line":19,"column":4},"end":{"line":19,"column":null}},"line":19},"1":{"name":"(anonymous_1)","decl":{"start":{"line":21,"column":8},"end":{"line":21,"column":16}},"loc":{"start":{"line":21,"column":94},"end":{"line":64,"column":null}},"line":21}},"branchMap":{"0":{"loc":{"start":{"line":24,"column":53},"end":{"line":24,"column":80}},"type":"binary-expr","locations":[{"start":{"line":24,"column":53},"end":{"line":24,"column":75}},{"start":{"line":24,"column":75},"end":{"line":24,"column":80}}],"line":24},"1":{"loc":{"start":{"line":24,"column":91},"end":{"line":24,"column":110}},"type":"binary-expr","locations":[{"start":{"line":24,"column":91},"end":{"line":24,"column":109}},{"start":{"line":24,"column":109},"end":{"line":24,"column":110}}],"line":24},"2":{"loc":{"start":{"line":27,"column":6},"end":{"line":31,"column":null}},"type":"if","locations":[{"start":{"line":27,"column":6},"end":{"line":31,"column":null}},{"start":{},"end":{}}],"line":27},"3":{"loc":{"start":{"line":33,"column":32},"end":{"line":33,"column":75}},"type":"binary-expr","locations":[{"start":{"line":33,"column":32},"end":{"line":33,"column":56}},{"start":{"line":33,"column":56},"end":{"line":33,"column":75}}],"line":33},"4":{"loc":{"start":{"line":34,"column":28},"end":{"line":34,"column":52}},"type":"binary-expr","locations":[{"start":{"line":34,"column":28},"end":{"line":34,"column":47}},{"start":{"line":34,"column":47},"end":{"line":34,"column":52}}],"line":34},"5":{"loc":{"start":{"line":36,"column":6},"end":{"line":42,"column":null}},"type":"if","locations":[{"start":{"line":36,"column":6},"end":{"line":42,"column":null}},{"start":{},"end":{}}],"line":36},"6":{"loc":{"start":{"line":36,"column":10},"end":{"line":36,"column":72}},"type":"binary-expr","locations":[{"start":{"line":36,"column":10},"end":{"line":36,"column":42}},{"start":{"line":36,"column":42},"end":{"line":36,"column":72}}],"line":36},"7":{"loc":{"start":{"line":59,"column":22},"end":{"line":59,"column":null}},"type":"cond-expr","locations":[{"start":{"line":59,"column":47},"end":{"line":59,"column":63}},{"start":{"line":59,"column":63},"end":{"line":59,"column":null}}],"line":59},"8":{"loc":{"start":{"line":61,"column":58},"end":{"line":61,"column":102}},"type":"cond-expr","locations":[{"start":{"line":61,"column":83},"end":{"line":61,"column":97}},{"start":{"line":61,"column":97},"end":{"line":61,"column":102}}],"line":61}},"s":{"0":1,"1":1,"2":1,"3":1,"4":1,"5":13,"6":13,"7":13,"8":13,"9":13,"10":13,"11":1,"12":1,"13":1,"14":12,"15":13,"16":13,"17":2,"18":2,"19":2,"20":10,"21":10,"22":10,"23":10,"24":8,"25":8,"26":8,"27":2,"28":2,"29":2,"30":2,"31":1},"f":{"0":13,"1":13},"b":{"0":[13,1],"1":[13,1],"2":[1,12],"3":[12,6],"4":[13,9],"5":[2,11],"6":[13,11],"7":[1,1],"8":[1,1]},"meta":{"lastBranch":9,"lastFunction":2,"lastStatement":32,"seen":{"s:2:0:2:Infinity":0,"s:10:24:10:Infinity":1,"s:11:24:11:Infinity":2,"s:12:28:12:Infinity":3,"s:15:7:65:Infinity":4,"f:16:2:16:Infinity":0,"s:18:21:18:Infinity":5,"f:21:8:21:16":1,"s:22:22:22:Infinity":6,"s:23:4:23:Infinity":7,"s:24:4:24:Infinity":8,"b:24:53:24:75:24:75:24:80":0,"b:24:91:24:109:24:109:24:110":1,"s:26:4:63:Infinity":9,"b:27:6:31:Infinity:undefined:undefined:undefined:undefined":2,"s:27:6:31:Infinity":10,"s:28:8:28:Infinity":11,"s:29:8:29:Infinity":12,"s:30:8:30:Infinity":13,"s:33:25:33:Infinity":14,"b:33:32:33:56:33:56:33:75":3,"s:34:21:34:Infinity":15,"b:34:28:34:47:34:47:34:52":4,"b:36:6:42:Infinity:undefined:undefined:undefined:undefined":5,"s:36:6:42:Infinity":16,"b:36:10:36:42:36:42:36:72":6,"s:37:8:37:Infinity":17,"s:38:8:40:Infinity":18,"s:41:8:41:Infinity":19,"s:44:6:44:Infinity":20,"s:45:6:45:Infinity":21,"s:47:24:47:Infinity":22,"s:48:21:52:Infinity":23,"s:54:6:54:Infinity":24,"s:55:6:55:Infinity":25,"s:57:6:57:Infinity":26,"s:59:22:59:Infinity":27,"b:59:47:59:63:59:63:59:Infinity":7,"s:60:6:60:Infinity":28,"s:61:6:61:Infinity":29,"b:61:83:61:97:61:97:61:102":8,"s:62:6:62:Infinity":30,"s:15:13:15:36":31}}}
,"/Users/lucasmenezes/projects/worker_fiapX_11soat/src/features/process-video/process-video.repository.interface.ts": {"path":"/Users/lucasmenezes/projects/worker_fiapX_11soat/src/features/process-video/process-video.repository.interface.ts","statementMap":{},"fnMap":{},"branchMap":{},"s":{},"f":{},"b":{},"meta":{"lastBranch":0,"lastFunction":0,"lastStatement":0,"seen":{}}}
,"/Users/lucasmenezes/projects/worker_fiapX_11soat/src/features/process-video/process-video.service.interface.ts": {"path":"/Users/lucasmenezes/projects/worker_fiapX_11soat/src/features/process-video/process-video.service.interface.ts","statementMap":{},"fnMap":{},"branchMap":{},"s":{},"f":{},"b":{},"meta":{"lastBranch":0,"lastFunction":0,"lastStatement":0,"seen":{}}}
,"/Users/lucasmenezes/projects/worker_fiapX_11soat/src/features/process-video/process-video.service.ts": {"path":"/Users/lucasmenezes/projects/worker_fiapX_11soat/src/features/process-video/process-video.service.ts","statementMap":{"0":{"start":{"line":7,"column":0},"end":{"line":7,"column":null}},"1":{"start":{"line":9,"column":18},"end":{"line":9,"column":null}},"2":{"start":{"line":10,"column":19},"end":{"line":10,"column":null}},"3":{"start":{"line":13,"column":7},"end":{"line":88,"column":null}},"4":{"start":{"line":16,"column":21},"end":{"line":16,"column":null}},"5":{"start":{"line":18,"column":4},"end":{"line":18,"column":null}},"6":{"start":{"line":19,"column":4},"end":{"line":19,"column":null}},"7":{"start":{"line":23,"column":56},"end":{"line":23,"column":null}},"8":{"start":{"line":25,"column":4},"end":{"line":25,"column":null}},"9":{"start":{"line":26,"column":4},"end":{"line":26,"column":null}},"10":{"start":{"line":28,"column":10},"end":{"line":28,"column":null}},"11":{"start":{"line":29,"column":4},"end":{"line":29,"column":null}},"12":{"start":{"line":31,"column":4},"end":{"line":34,"column":null}},"13":{"start":{"line":32,"column":6},"end":{"line":32,"column":null}},"14":{"start":{"line":33,"column":6},"end":{"line":33,"column":null}},"15":{"start":{"line":36,"column":22},"end":{"line":36,"column":null}},"16":{"start":{"line":37,"column":4},"end":{"line":37,"column":null}},"17":{"start":{"line":39,"column":10},"end":{"line":39,"column":null}},"18":{"start":{"line":40,"column":4},"end":{"line":40,"column":null}},"19":{"start":{"line":42,"column":22},"end":{"line":42,"column":null}},"20":{"start":{"line":44,"column":4},"end":{"line":86,"column":null}},"21":{"start":{"line":45,"column":6},"end":{"line":45,"column":null}},"22":{"start":{"line":46,"column":30},"end":{"line":46,"column":null}},"23":{"start":{"line":48,"column":25},"end":{"line":53,"column":null}},"24":{"start":{"line":55,"column":6},"end":{"line":55,"column":null}},"25":{"start":{"line":56,"column":6},"end":{"line":56,"column":null}},"26":{"start":{"line":58,"column":23},"end":{"line":58,"column":null}},"27":{"start":{"line":59,"column":22},"end":{"line":59,"column":null}},"28":{"start":{"line":60,"column":22},"end":{"line":60,"column":null}},"29":{"start":{"line":62,"column":6},"end":{"line":62,"column":null}},"30":{"start":{"line":63,"column":27},"end":{"line":63,"column":null}},"31":{"start":{"line":65,"column":6},"end":{"line":65,"column":null}},"32":{"start":{"line":67,"column":6},"end":{"line":67,"column":null}},"33":{"start":{"line":69,"column":25},"end":{"line":69,"column":null}},"34":{"start":{"line":70,"column":6},"end":{"line":70,"column":null}},"35":{"start":{"line":72,"column":6},"end":{"line":81,"column":null}},"36":{"start":{"line":83,"column":6},"end":{"line":83,"column":null}},"37":{"start":{"line":84,"column":6},"end":{"line":84,"column":null}},"38":{"start":{"line":85,"column":6},"end":{"line":85,"column":null}},"39":{"start":{"line":13,"column":13},"end":{"line":13,"column":65}}},"fnMap":{"0":{"name":"(anonymous_0)","decl":{"start":{"line":14,"column":2},"end":{"line":14,"column":null}},"loc":{"start":{"line":17,"column":4},"end":{"line":20,"column":null}},"line":17},"1":{"name":"(anonymous_1)","decl":{"start":{"line":22,"column":8},"end":{"line":22,"column":21}},"loc":{"start":{"line":22,"column":80},"end":{"line":87,"column":null}},"line":22}},"branchMap":{"0":{"loc":{"start":{"line":23,"column":18},"end":{"line":23,"column":37}},"type":"default-arg","locations":[{"start":{"line":23,"column":31},"end":{"line":23,"column":37}}],"line":23},"1":{"loc":{"start":{"line":23,"column":37},"end":{"line":23,"column":52}},"type":"default-arg","locations":[{"start":{"line":23,"column":46},"end":{"line":23,"column":52}}],"line":23},"2":{"loc":{"start":{"line":31,"column":4},"end":{"line":34,"column":null}},"type":"if","locations":[{"start":{"line":31,"column":4},"end":{"line":34,"column":null}},{"start":{},"end":{}}],"line":31}},"s":{"0":1,"1":1,"2":1,"3":1,"4":13,"5":13,"6":13,"7":12,"8":12,"9":12,"10":12,"11":12,"12":12,"13":1,"14":1,"15":11,"16":11,"17":11,"18":11,"19":11,"20":11,"21":11,"22":11,"23":11,"24":10,"25":10,"26":10,"27":10,"28":10,"29":10,"30":10,"31":10,"32":9,"33":9,"34":9,"35":9,"36":11,"37":11,"38":11,"39":1},"f":{"0":13,"1":12},"b":{"0":[12],"1":[12],"2":[1,11]},"meta":{"lastBranch":3,"lastFunction":2,"lastStatement":40,"seen":{"s:7:0:7:Infinity":0,"s:9:18:9:Infinity":1,"s:10:19:10:Infinity":2,"s:13:7:88:Infinity":3,"f:14:2:14:Infinity":0,"s:16:21:16:Infinity":4,"s:18:4:18:Infinity":5,"s:19:4:19:Infinity":6,"f:22:8:22:21":1,"s:23:56:23:Infinity":7,"b:23:31:23:37":0,"b:23:46:23:52":1,"s:25:4:25:Infinity":8,"s:26:4:26:Infinity":9,"s:28:10:28:Infinity":10,"s:29:4:29:Infinity":11,"b:31:4:34:Infinity:undefined:undefined:undefined:undefined":2,"s:31:4:34:Infinity":12,"s:32:6:32:Infinity":13,"s:33:6:33:Infinity":14,"s:36:22:36:Infinity":15,"s:37:4:37:Infinity":16,"s:39:10:39:Infinity":17,"s:40:4:40:Infinity":18,"s:42:22:42:Infinity":19,"s:44:4:86:Infinity":20,"s:45:6:45:Infinity":21,"s:46:30:46:Infinity":22,"s:48:25:53:Infinity":23,"s:55:6:55:Infinity":24,"s:56:6:56:Infinity":25,"s:58:23:58:Infinity":26,"s:59:22:59:Infinity":27,"s:60:22:60:Infinity":28,"s:62:6:62:Infinity":29,"s:63:27:63:Infinity":30,"s:65:6:65:Infinity":31,"s:67:6:67:Infinity":32,"s:69:25:69:Infinity":33,"s:70:6:70:Infinity":34,"s:72:6:81:Infinity":35,"s:83:6:83:Infinity":36,"s:84:6:84:Infinity":37,"s:85:6:85:Infinity":38,"s:13:13:13:65":39}}}
,"/Users/lucasmenezes/projects/worker_fiapX_11soat/src/infrastructure/broker/broker.gateway.ts": {"path":"/Users/lucasmenezes/projects/worker_fiapX_11soat/src/infrastructure/broker/broker.gateway.ts","statementMap":{},"fnMap":{},"branchMap":{},"s":{},"f":{},"b":{},"meta":{"lastBranch":0,"lastFunction":0,"lastStatement":0,"seen":{}}}
,"/Users/lucasmenezes/projects/worker_fiapX_11soat/src/infrastructure/gateways/ftp.gateway.ts": {"path":"/Users/lucasmenezes/projects/worker_fiapX_11soat/src/infrastructure/gateways/ftp.gateway.ts","statementMap":{},"fnMap":{},"branchMap":{},"s":{},"f":{},"b":{},"meta":{"lastBranch":0,"lastFunction":0,"lastStatement":0,"seen":{}}}
,"/Users/lucasmenezes/projects/worker_fiapX_11soat/src/shared/config/multer.config.ts": {"path":"/Users/lucasmenezes/projects/worker_fiapX_11soat/src/shared/config/multer.config.ts","statementMap":{"0":{"start":{"line":5,"column":18},"end":{"line":5,"column":null}},"1":{"start":{"line":7,"column":0},"end":{"line":7,"column":null}},"2":{"start":{"line":9,"column":16},"end":{"line":19,"column":null}},"3":{"start":{"line":11,"column":4},"end":{"line":11,"column":null}},"4":{"start":{"line":14,"column":25},"end":{"line":14,"column":null}},"5":{"start":{"line":15,"column":16},"end":{"line":15,"column":null}},"6":{"start":{"line":16,"column":17},"end":{"line":16,"column":null}},"7":{"start":{"line":17,"column":4},"end":{"line":17,"column":null}},"8":{"start":{"line":21,"column":49},"end":{"line":29,"column":null}},"9":{"start":{"line":22,"column":27},"end":{"line":22,"column":null}},"10":{"start":{"line":24,"column":2},"end":{"line":28,"column":null}},"11":{"start":{"line":25,"column":4},"end":{"line":25,"column":null}},"12":{"start":{"line":27,"column":4},"end":{"line":27,"column":null}},"13":{"start":{"line":31,"column":13},"end":{"line":37,"column":null}}},"fnMap":{"0":{"name":"(anonymous_0)","decl":{"start":{"line":10,"column":15},"end":{"line":10,"column":16}},"loc":{"start":{"line":10,"column":36},"end":{"line":12,"column":null}},"line":10},"1":{"name":"(anonymous_1)","decl":{"start":{"line":13,"column":12},"end":{"line":13,"column":13}},"loc":{"start":{"line":13,"column":32},"end":{"line":18,"column":null}},"line":13},"2":{"name":"(anonymous_2)","decl":{"start":{"line":21,"column":49},"end":{"line":21,"column":50}},"loc":{"start":{"line":21,"column":69},"end":{"line":29,"column":null}},"line":21}},"branchMap":{"0":{"loc":{"start":{"line":24,"column":2},"end":{"line":28,"column":null}},"type":"if","locations":[{"start":{"line":24,"column":2},"end":{"line":28,"column":null}},{"start":{"line":26,"column":9},"end":{"line":28,"column":null}}],"line":24}},"s":{"0":16,"1":16,"2":16,"3":1,"4":1,"5":1,"6":1,"7":1,"8":16,"9":12,"10":12,"11":5,"12":7,"13":16},"f":{"0":1,"1":1,"2":12},"b":{"0":[5,7]},"meta":{"lastBranch":1,"lastFunction":3,"lastStatement":14,"seen":{"s:5:18:5:Infinity":0,"s:7:0:7:Infinity":1,"s:9:16:19:Infinity":2,"f:10:15:10:16":0,"s:11:4:11:Infinity":3,"f:13:12:13:13":1,"s:14:25:14:Infinity":4,"s:15:16:15:Infinity":5,"s:16:17:16:Infinity":6,"s:17:4:17:Infinity":7,"s:21:49:29:Infinity":8,"f:21:49:21:50":2,"s:22:27:22:Infinity":9,"b:24:2:28:Infinity:26:9:28:Infinity":0,"s:24:2:28:Infinity":10,"s:25:4:25:Infinity":11,"s:27:4:27:Infinity":12,"s:31:13:37:Infinity":13}}}
,"/Users/lucasmenezes/projects/worker_fiapX_11soat/src/shared/container/index.ts": {"path":"/Users/lucasmenezes/projects/worker_fiapX_11soat/src/shared/container/index.ts","statementMap":{"0":{"start":{"line":8,"column":0},"end":{"line":8,"column":null}},"1":{"start":{"line":9,"column":0},"end":{"line":9,"column":null}}},"fnMap":{},"branchMap":{},"s":{"0":0,"1":0},"f":{},"b":{},"meta":{"lastBranch":0,"lastFunction":0,"lastStatement":2,"seen":{"s:8:0:8:Infinity":0,"s:9:0:9:Infinity":1}}}
,"/Users/lucasmenezes/projects/worker_fiapX_11soat/src/shared/utils/file-system.utils.ts": {"path":"/Users/lucasmenezes/projects/worker_fiapX_11soat/src/shared/utils/file-system.utils.ts","statementMap":{"0":{"start":{"line":7,"column":15},"end":{"line":7,"column":null}},"1":{"start":{"line":8,"column":2},"end":{"line":10,"column":null}},"2":{"start":{"line":9,"column":4},"end":{"line":9,"column":null}},"3":{"start":{"line":11,"column":2},"end":{"line":11,"column":null}},"4":{"start":{"line":15,"column":17},"end":{"line":15,"column":null}},"5":{"start":{"line":16,"column":2},"end":{"line":16,"column":null}},"6":{"start":{"line":17,"column":2},"end":{"line":17,"column":null}},"7":{"start":{"line":21,"column":2},"end":{"line":21,"column":null}},"8":{"start":{"line":22,"column":2},"end":{"line":22,"column":null}},"9":{"start":{"line":26,"column":2},"end":{"line":26,"column":null}},"10":{"start":{"line":27,"column":20},"end":{"line":27,"column":null}},"11":{"start":{"line":28,"column":2},"end":{"line":28,"column":null}},"12":{"start":{"line":29,"column":2},"end":{"line":29,"column":null}},"13":{"start":{"line":33,"column":2},"end":{"line":33,"column":null}},"14":{"start":{"line":34,"column":2},"end":{"line":34,"column":null}},"15":{"start":{"line":35,"column":2},"end":{"line":35,"column":null}},"16":{"start":{"line":37,"column":2},"end":{"line":90,"column":null}},"17":{"start":{"line":38,"column":19},"end":{"line":38,"column":null}},"18":{"start":{"line":39,"column":10},"end":{"line":39,"column":null}},"19":{"start":{"line":41,"column":26},"end":{"line":41,"column":null}},"20":{"start":{"line":42,"column":21},"end":{"line":42,"column":null}},"21":{"start":{"line":45,"column":29},"end":{"line":47,"column":null}},"22":{"start":{"line":46,"column":6},"end":{"line":46,"column":null}},"23":{"start":{"line":49,"column":4},"end":{"line":57,"column":null}},"24":{"start":{"line":50,"column":6},"end":{"line":50,"column":null}},"25":{"start":{"line":51,"column":18},"end":{"line":51,"column":null}},"26":{"start":{"line":53,"column":6},"end":{"line":56,"column":null}},"27":{"start":{"line":54,"column":8},"end":{"line":54,"column":null}},"28":{"start":{"line":55,"column":8},"end":{"line":55,"column":null}},"29":{"start":{"line":59,"column":4},"end":{"line":64,"column":null}},"30":{"start":{"line":60,"column":6},"end":{"line":60,"column":null}},"31":{"start":{"line":61,"column":24},"end":{"line":61,"column":null}},"32":{"start":{"line":62,"column":6},"end":{"line":62,"column":null}},"33":{"start":{"line":63,"column":6},"end":{"line":63,"column":null}},"34":{"start":{"line":66,"column":4},"end":{"line":70,"column":null}},"35":{"start":{"line":67,"column":6},"end":{"line":67,"column":null}},"36":{"start":{"line":68,"column":6},"end":{"line":68,"column":null}},"37":{"start":{"line":69,"column":6},"end":{"line":69,"column":null}},"38":{"start":{"line":72,"column":4},"end":{"line":76,"column":null}},"39":{"start":{"line":73,"column":6},"end":{"line":73,"column":null}},"40":{"start":{"line":74,"column":6},"end":{"line":74,"column":null}},"41":{"start":{"line":75,"column":6},"end":{"line":75,"column":null}},"42":{"start":{"line":78,"column":4},"end":{"line":80,"column":null}},"43":{"start":{"line":79,"column":6},"end":{"line":79,"column":null}},"44":{"start":{"line":82,"column":4},"end":{"line":82,"column":null}},"45":{"start":{"line":83,"column":4},"end":{"line":83,"column":null}},"46":{"start":{"line":85,"column":4},"end":{"line":85,"column":null}},"47":{"start":{"line":86,"column":4},"end":{"line":86,"column":null}},"48":{"start":{"line":88,"column":4},"end":{"line":88,"column":null}},"49":{"start":{"line":89,"column":4},"end":{"line":89,"column":null}}},"fnMap":{"0":{"name":"safeJoin","decl":{"start":{"line":6,"column":16},"end":{"line":6,"column":25}},"loc":{"start":{"line":6,"column":68},"end":{"line":12,"column":null}},"line":6},"1":{"name":"createTempDir","decl":{"start":{"line":14,"column":16},"end":{"line":14,"column":30}},"loc":{"start":{"line":14,"column":54},"end":{"line":18,"column":null}},"line":14},"2":{"name":"ensureDir","decl":{"start":{"line":20,"column":16},"end":{"line":20,"column":26}},"loc":{"start":{"line":20,"column":49},"end":{"line":23,"column":null}},"line":20},"3":{"name":"removeDir","decl":{"start":{"line":25,"column":16},"end":{"line":25,"column":26}},"loc":{"start":{"line":25,"column":49},"end":{"line":30,"column":null}},"line":25},"4":{"name":"zipDirectory","decl":{"start":{"line":32,"column":22},"end":{"line":32,"column":35}},"loc":{"start":{"line":32,"column":84},"end":{"line":91,"column":null}},"line":32},"5":{"name":"(anonymous_5)","decl":{"start":{"line":37,"column":21},"end":{"line":37,"column":22}},"loc":{"start":{"line":37,"column":42},"end":{"line":90,"column":3}},"line":37},"6":{"name":"(anonymous_6)","decl":{"start":{"line":45,"column":41},"end":{"line":45,"column":47}},"loc":{"start":{"line":45,"column":47},"end":{"line":47,"column":7}},"line":45},"7":{"name":"(anonymous_7)","decl":{"start":{"line":49,"column":27},"end":{"line":49,"column":28}},"loc":{"start":{"line":49,"column":41},"end":{"line":57,"column":5}},"line":49},"8":{"name":"(anonymous_8)","decl":{"start":{"line":59,"column":23},"end":{"line":59,"column":29}},"loc":{"start":{"line":59,"column":29},"end":{"line":64,"column":5}},"line":59},"9":{"name":"(anonymous_9)","decl":{"start":{"line":66,"column":23},"end":{"line":66,"column":24}},"loc":{"start":{"line":66,"column":32},"end":{"line":70,"column":5}},"line":66},"10":{"name":"(anonymous_10)","decl":{"start":{"line":72,"column":24},"end":{"line":72,"column":25}},"loc":{"start":{"line":72,"column":33},"end":{"line":76,"column":5}},"line":72},"11":{"name":"(anonymous_11)","decl":{"start":{"line":78,"column":26},"end":{"line":78,"column":27}},"loc":{"start":{"line":78,"column":35},"end":{"line":80,"column":5}},"line":78}},"branchMap":{"0":{"loc":{"start":{"line":8,"column":2},"end":{"line":10,"column":null}},"type":"if","locations":[{"start":{"line":8,"column":2},"end":{"line":10,"column":null}},{"start":{},"end":{}}],"line":8},"1":{"loc":{"start":{"line":53,"column":6},"end":{"line":56,"column":null}},"type":"if","locations":[{"start":{"line":53,"column":6},"end":{"line":56,"column":null}},{"start":{},"end":{}}],"line":53}},"s":{"0":5,"1":5,"2":2,"3":3,"4":4,"5":4,"6":4,"7":3,"8":3,"9":4,"10":4,"11":4,"12":4,"13":5,"14":5,"15":5,"16":5,"17":5,"18":5,"19":5,"20":5,"21":5,"22":0,"23":5,"24":6,"25":6,"26":6,"27":0,"28":0,"29":5,"30":5,"31":5,"32":5,"33":5,"34":5,"35":0,"36":0,"37":0,"38":5,"39":0,"40":0,"41":0,"42":5,"43":0,"44":5,"45":5,"46":5,"47":5,"48":5,"49":5},"f":{"0":5,"1":4,"2":3,"3":4,"4":5,"5":5,"6":0,"7":6,"8":5,"9":0,"10":0,"11":0},"b":{"0":[2,3],"1":[0,6]},"meta":{"lastBranch":2,"lastFunction":12,"lastStatement":50,"seen":{"f:6:16:6:25":0,"s:7:15:7:Infinity":0,"b:8:2:10:Infinity:undefined:undefined:undefined:undefined":0,"s:8:2:10:Infinity":1,"s:9:4:9:Infinity":2,"s:11:2:11:Infinity":3,"f:14:16:14:30":1,"s:15:17:15:Infinity":4,"s:16:2:16:Infinity":5,"s:17:2:17:Infinity":6,"f:20:16:20:26":2,"s:21:2:21:Infinity":7,"s:22:2:22:Infinity":8,"f:25:16:25:26":3,"s:26:2:26:Infinity":9,"s:27:20:27:Infinity":10,"s:28:2:28:Infinity":11,"s:29:2:29:Infinity":12,"f:32:22:32:35":4,"s:33:2:33:Infinity":13,"s:34:2:34:Infinity":14,"s:35:2:35:Infinity":15,"s:37:2:90:Infinity":16,"f:37:21:37:22":5,"s:38:19:38:Infinity":17,"s:39:10:39:Infinity":18,"s:41:26:41:Infinity":19,"s:42:21:42:Infinity":20,"s:45:29:47:Infinity":21,"f:45:41:45:47":6,"s:46:6:46:Infinity":22,"s:49:4:57:Infinity":23,"f:49:27:49:28":7,"s:50:6:50:Infinity":24,"s:51:18:51:Infinity":25,"b:53:6:56:Infinity:undefined:undefined:undefined:undefined":1,"s:53:6:56:Infinity":26,"s:54:8:54:Infinity":27,"s:55:8:55:Infinity":28,"s:59:4:64:Infinity":29,"f:59:23:59:29":8,"s:60:6:60:Infinity":30,"s:61:24:61:Infinity":31,"s:62:6:62:Infinity":32,"s:63:6:63:Infinity":33,"s:66:4:70:Infinity":34,"f:66:23:66:24":9,"s:67:6:67:Infinity":35,"s:68:6:68:Infinity":36,"s:69:6:69:Infinity":37,"s:72:4:76:Infinity":38,"f:72:24:72:25":10,"s:73:6:73:Infinity":39,"s:74:6:74:Infinity":40,"s:75:6:75:Infinity":41,"s:78:4:80:Infinity":42,"f:78:26:78:27":11,"s:79:6:79:Infinity":43,"s:82:4:82:Infinity":44,"s:83:4:83:Infinity":45,"s:85:4:85:Infinity":46,"s:86:4:86:Infinity":47,"s:88:4:88:Infinity":48,"s:89:4:89:Infinity":49}}}
,"/Users/lucasmenezes/projects/worker_fiapX_11soat/src/shared/utils/index.ts": {"path":"/Users/lucasmenezes/projects/worker_fiapX_11soat/src/shared/utils/index.ts","statementMap":{"0":{"start":{"line":1,"column":0},"end":{"line":1,"column":null}}},"fnMap":{},"branchMap":{},"s":{"0":1},"f":{},"b":{},"meta":{"lastBranch":0,"lastFunction":0,"lastStatement":1,"seen":{"s:1:0:1:Infinity":0}}}
}
